# JRE version: OpenJDK Runtime Environment (19.0+36) (build 19+36-2238)
# Java VM: OpenJDK 64-Bit Server VM (19+36-2238, mixed mode, emulated-client, sharing, tiered, compressed oops, compressed class ptrs, g1 gc, windows-amd64)
GC Precious Log:
 CardTable entry size: 512
 Card Set container configuration: InlinePtr #cards 5 size 8 Array Of Cards #cards 12 size 40 Howl #buckets 4 coarsen threshold 1843 Howl Bitmap #cards 512 size 80 coarsen threshold 460 Card regions per heap region 1 cards per card region 2048
 CPUs: 4 total, 4 available
 Memory: 8145M
 Large Page Support: Disabled
 NUMA Support: Disabled
 Compressed Oops: Enabled (32-bit)
 Heap Region Size: 1M
 Heap Min Capacity: 8M
 Heap Initial Capacity: 128M
 Heap Max Capacity: 2038M
 Pre-touch: Disabled
 Parallel Workers: 4
 Concurrent Workers: 1
 Concurrent Refinement Workers: 4
 Periodic GC: Disabled
Heap:
 garbage-first heap   total 61440K, used 51970K [0x0000000080a00000, 0x0000000100000000)
  region size 1024K, 31 young (31744K), 1 survivors (1024K)
 Metaspace       used 42249K, committed 43200K, reserved 1114112K
  class space    used 5446K, committed 5824K, reserved 1048576K
GC Heap History (20 events):
Event: 479.585 GC heap after
{Heap after GC invocations=58 (full 2):
 garbage-first heap   total 61440K, used 21924K [0x0000000080a00000, 0x0000000100000000)
  region size 1024K, 1 young (1024K), 1 survivors (1024K)
 Metaspace       used 41965K, committed 43200K, reserved 1114112K
  class space    used 5396K, committed 5824K, reserved 1048576K
}
Event: 498.028 GC heap before
{Heap before GC invocations=59 (full 2):
 garbage-first heap   total 61440K, used 51620K [0x0000000080a00000, 0x0000000100000000)
  region size 1024K, 30 young (30720K), 1 survivors (1024K)
 Metaspace       used 41978K, committed 43200K, reserved 1114112K
  class space    used 5398K, committed 5824K, reserved 1048576K
}
Event: 498.029 GC heap after
{Heap after GC invocations=60 (full 2):
 garbage-first heap   total 61440K, used 22053K [0x0000000080a00000, 0x0000000100000000)
  region size 1024K, 1 young (1024K), 1 survivors (1024K)
 Metaspace       used 41978K, committed 43200K, reserved 1114112K
  class space    used 5398K, committed 5824K, reserved 1048576K
}
Event: 499.152 GC heap before
{Heap before GC invocations=60 (full 2):
 garbage-first heap   total 61440K, used 24101K [0x0000000080a00000, 0x0000000100000000)
  region size 1024K, 3 young (3072K), 1 survivors (1024K)
 Metaspace       used 41978K, committed 43200K, reserved 1114112K
  class space    used 5398K, committed 5824K, reserved 1048576K
}
Event: 499.153 GC heap after
{Heap after GC invocations=61 (full 2):
 garbage-first heap   total 61440K, used 21612K [0x0000000080a00000, 0x0000000100000000)
  region size 1024K, 1 young (1024K), 1 survivors (1024K)
 Metaspace       used 41978K, committed 43200K, reserved 1114112K
  class space    used 5398K, committed 5824K, reserved 1048576K
}
Event: 503.386 GC heap before
{Heap before GC invocations=61 (full 2):
 garbage-first heap   total 61440K, used 28780K [0x0000000080a00000, 0x0000000100000000)
  region size 1024K, 9 young (9216K), 1 survivors (1024K)
 Metaspace       used 42052K, committed 43200K, reserved 1114112K
  class space    used 5410K, committed 5824K, reserved 1048576K
}
Event: 503.411 GC heap after
{Heap after GC invocations=62 (full 3):
 garbage-first heap   total 61440K, used 17845K [0x0000000080a00000, 0x0000000100000000)
  region size 1024K, 0 young (0K), 0 survivors (0K)
 Metaspace       used 42014K, committed 43200K, reserved 1114112K
  class space    used 5402K, committed 5824K, reserved 1048576K
}
Event: 503.945 GC heap before
{Heap before GC invocations=62 (full 3):
 garbage-first heap   total 61440K, used 53685K [0x0000000080a00000, 0x0000000100000000)
  region size 1024K, 35 young (35840K), 0 survivors (0K)
 Metaspace       used 42161K, committed 43200K, reserved 1114112K
  class space    used 5435K, committed 5824K, reserved 1048576K
}
Event: 503.948 GC heap after
{Heap after GC invocations=63 (full 3):
 garbage-first heap   total 61440K, used 21159K [0x0000000080a00000, 0x0000000100000000)
  region size 1024K, 4 young (4096K), 4 survivors (4096K)
 Metaspace       used 42161K, committed 43200K, reserved 1114112K
  class space    used 5435K, committed 5824K, reserved 1048576K
}
Event: 514.242 GC heap before
{Heap before GC invocations=63 (full 3):
 garbage-first heap   total 61440K, used 48807K [0x0000000080a00000, 0x0000000100000000)
  region size 1024K, 32 young (32768K), 4 survivors (4096K)
 Metaspace       used 42249K, committed 43200K, reserved 1114112K
  class space    used 5446K, committed 5824K, reserved 1048576K
}
Event: 514.245 GC heap after
{Heap after GC invocations=64 (full 3):
 garbage-first heap   total 61440K, used 21895K [0x0000000080a00000, 0x0000000100000000)
  region size 1024K, 1 young (1024K), 1 survivors (1024K)
 Metaspace       used 42249K, committed 43200K, reserved 1114112K
  class space    used 5446K, committed 5824K, reserved 1048576K
}
Event: 538.255 GC heap before
{Heap before GC invocations=64 (full 3):
 garbage-first heap   total 61440K, used 50567K [0x0000000080a00000, 0x0000000100000000)
  region size 1024K, 29 young (29696K), 1 survivors (1024K)
 Metaspace       used 42249K, committed 43200K, reserved 1114112K
  class space    used 5446K, committed 5824K, reserved 1048576K
}
Event: 538.256 GC heap after
{Heap after GC invocations=65 (full 3):
 garbage-first heap   total 61440K, used 21727K [0x0000000080a00000, 0x0000000100000000)
  region size 1024K, 1 young (1024K), 1 survivors (1024K)
 Metaspace       used 42249K, committed 43200K, reserved 1114112K
  class space    used 5446K, committed 5824K, reserved 1048576K
}
Event: 562.555 GC heap before
{Heap before GC invocations=66 (full 3):
 garbage-first heap   total 61440K, used 50399K [0x0000000080a00000, 0x0000000100000000)
  region size 1024K, 29 young (29696K), 1 survivors (1024K)
 Metaspace       used 42238K, committed 43200K, reserved 1114112K
  class space    used 5444K, committed 5824K, reserved 1048576K
}
Event: 562.556 GC heap after
{Heap after GC invocations=67 (full 3):
 garbage-first heap   total 61440K, used 21616K [0x0000000080a00000, 0x0000000100000000)
  region size 1024K, 1 young (1024K), 1 survivors (1024K)
 Metaspace       used 42238K, committed 43200K, reserved 1114112K
  class space    used 5444K, committed 5824K, reserved 1048576K
}
Event: 563.863 GC heap before
{Heap before GC invocations=67 (full 3):
 garbage-first heap   total 61440K, used 23664K [0x0000000080a00000, 0x0000000100000000)
  region size 1024K, 3 young (3072K), 1 survivors (1024K)
 Metaspace       used 42238K, committed 43200K, reserved 1114112K
  class space    used 5444K, committed 5824K, reserved 1048576K
}
Event: 563.865 GC heap after
{Heap after GC invocations=68 (full 3):
 garbage-first heap   total 61440K, used 21402K [0x0000000080a00000, 0x0000000100000000)
  region size 1024K, 1 young (1024K), 1 survivors (1024K)
 Metaspace       used 42238K, committed 43200K, reserved 1114112K
  class space    used 5444K, committed 5824K, reserved 1048576K
}
Event: 589.236 GC heap before
{Heap before GC invocations=68 (full 3):
 garbage-first heap   total 61440K, used 51098K [0x0000000080a00000, 0x0000000100000000)
  region size 1024K, 30 young (30720K), 1 survivors (1024K)
 Metaspace       used 42249K, committed 43200K, reserved 1114112K
  class space    used 5446K, committed 5824K, reserved 1048576K
}
Event: 589.237 GC heap after
{Heap after GC invocations=69 (full 3):
 garbage-first heap   total 61440K, used 21250K [0x0000000080a00000, 0x0000000100000000)
  region size 1024K, 1 young (1024K), 1 survivors (1024K)
 Metaspace       used 42249K, committed 43200K, reserved 1114112K
  class space    used 5446K, committed 5824K, reserved 1048576K
}
Event: 614.067 GC heap before
{Heap before GC invocations=69 (full 3):
 garbage-first heap   total 61440K, used 51970K [0x0000000080a00000, 0x0000000100000000)
  region size 1024K, 31 young (31744K), 1 survivors (1024K)
 Metaspace       used 42249K, committed 43200K, reserved 1114112K
  class space    used 5446K, committed 5824K, reserved 1048576K
}

